<?xml version="1.0" encoding="UTF-8"?>
<testng-results skipped="0" failed="0" ignored="0" total="1" passed="1">
  <reporter-output>
  </reporter-output>
  <suite name="Suite" duration-ms="272030" started-at="2020-09-23T11:50:53 IST" finished-at="2020-09-23T11:55:25 IST">
    <groups>
    </groups>
    <test name="Test" duration-ms="272030" started-at="2020-09-23T11:50:53 IST" finished-at="2020-09-23T11:55:25 IST">
      <class name="com.actitime.test.CreateCustomer">
        <test-method status="PASS" signature="openBrowser()[pri:0, instance:com.actitime.test.CreateCustomer@72d818d1]" name="openBrowser" is-config="true" duration-ms="217929" started-at="2020-09-23T11:50:53 IST" finished-at="2020-09-23T11:54:31 IST">
          <reporter-output>
          </reporter-output>
        </test-method> <!-- openBrowser -->
        <test-method status="PASS" signature="login()[pri:0, instance:com.actitime.test.CreateCustomer@72d818d1]" name="login" is-config="true" duration-ms="3078" started-at="2020-09-23T11:54:31 IST" finished-at="2020-09-23T11:54:34 IST">
          <reporter-output>
          </reporter-output>
        </test-method> <!-- login -->
        <test-method status="PASS" signature="testCreateCustomer()[pri:0, instance:com.actitime.test.CreateCustomer@72d818d1]" name="testCreateCustomer" duration-ms="33496" started-at="2020-09-23T11:54:34 IST" finished-at="2020-09-23T11:55:07 IST">
          <reporter-output>
          </reporter-output>
        </test-method> <!-- testCreateCustomer -->
        <test-method status="PASS" signature="logout()[pri:0, instance:com.actitime.test.CreateCustomer@72d818d1]" name="logout" is-config="true" duration-ms="14425" started-at="2020-09-23T11:55:08 IST" finished-at="2020-09-23T11:55:22 IST">
          <reporter-output>
          </reporter-output>
        </test-method> <!-- logout -->
        <test-method status="PASS" signature="closeBrowser()[pri:0, instance:com.actitime.test.CreateCustomer@72d818d1]" name="closeBrowser" is-config="true" duration-ms="2455" started-at="2020-09-23T11:55:22 IST" finished-at="2020-09-23T11:55:25 IST">
          <reporter-output>
          </reporter-output>
        </test-method> <!-- closeBrowser -->
      </class> <!-- com.actitime.test.CreateCustomer -->
    </test> <!-- Test -->
  </suite> <!-- Suite -->
</testng-results>
